<?xml version="1.0" encoding="UTF-8"?>
<coverage generated="1675079260152" clover="3.2.0">
  <project timestamp="1675079260152" name="All files">
    <metrics statements="28" coveredstatements="27" conditionals="11" coveredconditionals="10" methods="7" coveredmethods="7" elements="46" coveredelements="44" complexity="0" loc="28" ncloc="28" packages="1" files="1" classes="1"/>
    <file name="index.js" path="C:\HomeWork\hexletJs\frontend-project-46\src\index.js">
      <metrics statements="28" coveredstatements="27" conditionals="11" coveredconditionals="10" methods="7" coveredmethods="7"/>
      <line num="5" count="2" type="stmt"/>
      <line num="6" count="2" type="stmt"/>
      <line num="7" count="2" type="stmt"/>
      <line num="9" count="1" type="stmt"/>
      <line num="10" count="1" type="stmt"/>
      <line num="11" count="1" type="stmt"/>
      <line num="13" count="1" type="stmt"/>
      <line num="14" count="1" type="stmt"/>
      <line num="16" count="1" type="stmt"/>
      <line num="18" count="1" type="stmt"/>
      <line num="19" count="5" type="cond" truecount="2" falsecount="0"/>
      <line num="20" count="1" type="stmt"/>
      <line num="26" count="4" type="cond" truecount="2" falsecount="0"/>
      <line num="27" count="2" type="stmt"/>
      <line num="33" count="2" type="cond" truecount="2" falsecount="0"/>
      <line num="34" count="1" type="stmt"/>
      <line num="41" count="1" type="stmt"/>
      <line num="50" count="1" type="stmt"/>
      <line num="53" count="1" type="stmt"/>
      <line num="54" count="1" type="stmt"/>
      <line num="55" count="5" type="stmt"/>
      <line num="57" count="5" type="cond" truecount="4" falsecount="1"/>
      <line num="59" count="1" type="stmt"/>
      <line num="61" count="2" type="stmt"/>
      <line num="63" count="1" type="stmt"/>
      <line num="65" count="1" type="stmt"/>
      <line num="67" count="0" type="stmt"/>
      <line num="70" count="1" type="stmt"/>
    </file>
  </project>
</coverage>
