{"C:\\HomeWork\\hexletJs\\frontend-project-46\\src\\index.js": {"path":"C:\\HomeWork\\hexletJs\\frontend-project-46\\src\\index.js","statementMap":{"0":{"start":{"line":5,"column":20},"end":{"line":5,"column":71}},"1":{"start":{"line":5,"column":34},"end":{"line":5,"column":71}},"2":{"start":{"line":6,"column":17},"end":{"line":6,"column":62}},"3":{"start":{"line":6,"column":31},"end":{"line":6,"column":62}},"4":{"start":{"line":7,"column":18},"end":{"line":7,"column":44}},"5":{"start":{"line":7,"column":28},"end":{"line":7,"column":44}},"6":{"start":{"line":9,"column":24},"end":{"line":51,"column":1}},"7":{"start":{"line":10,"column":15},"end":{"line":10,"column":54}},"8":{"start":{"line":11,"column":15},"end":{"line":11,"column":54}},"9":{"start":{"line":13,"column":16},"end":{"line":13,"column":33}},"10":{"start":{"line":14,"column":16},"end":{"line":14,"column":33}},"11":{"start":{"line":16,"column":15},"end":{"line":16,"column":46}},"12":{"start":{"line":18,"column":17},"end":{"line":48,"column":4}},"13":{"start":{"line":19,"column":4},"end":{"line":25,"column":5}},"14":{"start":{"line":20,"column":6},"end":{"line":24,"column":8}},"15":{"start":{"line":26,"column":4},"end":{"line":32,"column":5}},"16":{"start":{"line":27,"column":6},"end":{"line":31,"column":8}},"17":{"start":{"line":33,"column":4},"end":{"line":39,"column":5}},"18":{"start":{"line":34,"column":6},"end":{"line":38,"column":8}},"19":{"start":{"line":41,"column":4},"end":{"line":46,"column":6}},"20":{"start":{"line":50,"column":2},"end":{"line":50,"column":16}},"21":{"start":{"line":53,"column":29},"end":{"line":53,"column":66}},"22":{"start":{"line":54,"column":21},"end":{"line":69,"column":4}},"23":{"start":{"line":55,"column":21},"end":{"line":55,"column":30}},"24":{"start":{"line":57,"column":4},"end":{"line":68,"column":5}},"25":{"start":{"line":59,"column":8},"end":{"line":59,"column":48}},"26":{"start":{"line":61,"column":8},"end":{"line":61,"column":48}},"27":{"start":{"line":63,"column":8},"end":{"line":63,"column":48}},"28":{"start":{"line":65,"column":8},"end":{"line":65,"column":86}},"29":{"start":{"line":67,"column":8},"end":{"line":67,"column":20}},"30":{"start":{"line":70,"column":2},"end":{"line":70,"column":42}}},"fnMap":{"0":{"name":"(anonymous_0)","decl":{"start":{"line":5,"column":20},"end":{"line":5,"column":21}},"loc":{"start":{"line":5,"column":34},"end":{"line":5,"column":71}},"line":5},"1":{"name":"(anonymous_1)","decl":{"start":{"line":6,"column":17},"end":{"line":6,"column":18}},"loc":{"start":{"line":6,"column":31},"end":{"line":6,"column":62}},"line":6},"2":{"name":"(anonymous_2)","decl":{"start":{"line":7,"column":18},"end":{"line":7,"column":19}},"loc":{"start":{"line":7,"column":28},"end":{"line":7,"column":44}},"line":7},"3":{"name":"(anonymous_3)","decl":{"start":{"line":9,"column":24},"end":{"line":9,"column":25}},"loc":{"start":{"line":9,"column":42},"end":{"line":51,"column":1}},"line":9},"4":{"name":"(anonymous_4)","decl":{"start":{"line":18,"column":26},"end":{"line":18,"column":27}},"loc":{"start":{"line":18,"column":35},"end":{"line":48,"column":3}},"line":18},"5":{"name":"(anonymous_5)","decl":{"start":{"line":52,"column":15},"end":{"line":52,"column":16}},"loc":{"start":{"line":52,"column":41},"end":{"line":71,"column":1}},"line":52},"6":{"name":"(anonymous_6)","decl":{"start":{"line":54,"column":44},"end":{"line":54,"column":45}},"loc":{"start":{"line":54,"column":54},"end":{"line":69,"column":3}},"line":54}},"branchMap":{"0":{"loc":{"start":{"line":19,"column":4},"end":{"line":25,"column":5}},"type":"if","locations":[{"start":{"line":19,"column":4},"end":{"line":25,"column":5}},{"start":{},"end":{}}],"line":19},"1":{"loc":{"start":{"line":26,"column":4},"end":{"line":32,"column":5}},"type":"if","locations":[{"start":{"line":26,"column":4},"end":{"line":32,"column":5}},{"start":{},"end":{}}],"line":26},"2":{"loc":{"start":{"line":33,"column":4},"end":{"line":39,"column":5}},"type":"if","locations":[{"start":{"line":33,"column":4},"end":{"line":39,"column":5}},{"start":{},"end":{}}],"line":33},"3":{"loc":{"start":{"line":57,"column":4},"end":{"line":68,"column":5}},"type":"switch","locations":[{"start":{"line":58,"column":6},"end":{"line":59,"column":48}},{"start":{"line":60,"column":6},"end":{"line":61,"column":48}},{"start":{"line":62,"column":6},"end":{"line":63,"column":48}},{"start":{"line":64,"column":6},"end":{"line":65,"column":86}},{"start":{"line":66,"column":6},"end":{"line":67,"column":20}}],"line":57}},"s":{"0":1,"1":2,"2":1,"3":2,"4":1,"5":2,"6":1,"7":1,"8":1,"9":1,"10":1,"11":1,"12":1,"13":5,"14":1,"15":4,"16":2,"17":2,"18":1,"19":1,"20":1,"21":1,"22":1,"23":5,"24":5,"25":1,"26":2,"27":1,"28":1,"29":0,"30":1},"f":{"0":2,"1":2,"2":2,"3":1,"4":5,"5":1,"6":5},"b":{"0":[1,4],"1":[2,2],"2":[1,1],"3":[1,2,1,1,0]},"_coverageSchema":"1a1c01bbd47fc00a2c39e90264f33305004495a9","hash":"e5ac115729e62d66bf45b721e9cef4961b996814"}
}
