TN:
SF:src\index.js
FN:5,(anonymous_0)
FN:6,(anonymous_1)
FN:7,(anonymous_2)
FN:9,(anonymous_3)
FN:18,(anonymous_4)
FN:52,(anonymous_5)
FN:54,(anonymous_6)
FNF:7
FNH:7
FNDA:2,(anonymous_0)
FNDA:2,(anonymous_1)
FNDA:2,(anonymous_2)
FNDA:1,(anonymous_3)
FNDA:5,(anonymous_4)
FNDA:1,(anonymous_5)
FNDA:5,(anonymous_6)
DA:5,2
DA:6,2
DA:7,2
DA:9,1
DA:10,1
DA:11,1
DA:13,1
DA:14,1
DA:16,1
DA:18,1
DA:19,5
DA:20,1
DA:26,4
DA:27,2
DA:33,2
DA:34,1
DA:41,1
DA:50,1
DA:53,1
DA:54,1
DA:55,5
DA:57,5
DA:59,1
DA:61,2
DA:63,1
DA:65,1
DA:67,0
DA:70,1
LF:28
LH:27
BRDA:19,0,0,1
BRDA:19,0,1,4
BRDA:26,1,0,2
BRDA:26,1,1,2
BRDA:33,2,0,1
BRDA:33,2,1,1
BRDA:57,3,0,1
BRDA:57,3,1,2
BRDA:57,3,2,1
BRDA:57,3,3,1
BRDA:57,3,4,0
BRF:11
BRH:10
end_of_record
